<?xml version="1.0" encoding="UTF-8"?>
<testsuites name="jest tests" tests="2" failures="0" errors="0" time="0.582">
  <testsuite name="Background scraper logic" errors="0" failures="0" skipped="0" timestamp="2025-05-12T11:46:12" time="0.231" tests="1">
    <testcase classname="Background scraper logic extract opponent, date, time, and venue correctly" name="Background scraper logic extract opponent, date, time, and venue correctly" time="0.003">
    </testcase>
  </testsuite>
  <testsuite name="Popup" errors="0" failures="0" skipped="0" timestamp="2025-05-12T11:46:12" time="0.044" tests="1">
    <testcase classname="Popup initial test to verify CI" name="Popup initial test to verify CI" time="0">
    </testcase>
  </testsuite>
</testsuites>