{"/Users/tonymartinez/Desktop/timbers-chrome-ext/background.js": {"path":"/Users/tonymartinez/Desktop/timbers-chrome-ext/background.js","statementMap":{"0":{"start":{"line":2,"column":0},"end":{"line":8,"column":1}},"1":{"start":{"line":3,"column":2},"end":{"line":7,"column":4}},"2":{"start":{"line":10,"column":16},"end":{"line":10,"column":34}},"3":{"start":{"line":13,"column":14},"end":{"line":13,"column":75}},"4":{"start":{"line":14,"column":2},"end":{"line":32,"column":3}},"5":{"start":{"line":15,"column":21},"end":{"line":15,"column":37}},"6":{"start":{"line":16,"column":17},"end":{"line":16,"column":38}},"7":{"start":{"line":17,"column":14},"end":{"line":17,"column":32}},"8":{"start":{"line":19,"column":22},"end":{"line":19,"column":45}},"9":{"start":{"line":20,"column":21},"end":{"line":20,"column":79}},"10":{"start":{"line":21,"column":17},"end":{"line":21,"column":69}},"11":{"start":{"line":22,"column":17},"end":{"line":22,"column":69}},"12":{"start":{"line":23,"column":21},"end":{"line":23,"column":74}},"13":{"start":{"line":24,"column":15},"end":{"line":24,"column":37}},"14":{"start":{"line":26,"column":27},"end":{"line":26,"column":64}},"15":{"start":{"line":28,"column":4},"end":{"line":28,"column":66}},"16":{"start":{"line":30,"column":4},"end":{"line":30,"column":64}},"17":{"start":{"line":31,"column":4},"end":{"line":31,"column":16}},"18":{"start":{"line":36,"column":0},"end":{"line":43,"column":3}},"19":{"start":{"line":37,"column":2},"end":{"line":42,"column":3}},"20":{"start":{"line":38,"column":4},"end":{"line":40,"column":7}},"21":{"start":{"line":39,"column":6},"end":{"line":39,"column":34}},"22":{"start":{"line":41,"column":4},"end":{"line":41,"column":16}},"23":{"start":{"line":46,"column":0},"end":{"line":46,"column":64}},"24":{"start":{"line":47,"column":0},"end":{"line":55,"column":3}},"25":{"start":{"line":48,"column":2},"end":{"line":54,"column":3}},"26":{"start":{"line":49,"column":4},"end":{"line":53,"column":7}},"27":{"start":{"line":50,"column":6},"end":{"line":52,"column":7}},"28":{"start":{"line":51,"column":8},"end":{"line":51,"column":65}},"29":{"start":{"line":57,"column":0},"end":{"line":57,"column":43}}},"fnMap":{"0":{"name":"(anonymous_0)","decl":{"start":{"line":4,"column":41},"end":{"line":4,"column":42}},"loc":{"start":{"line":4,"column":47},"end":{"line":4,"column":49}},"line":4},"1":{"name":"(anonymous_1)","decl":{"start":{"line":5,"column":22},"end":{"line":5,"column":23}},"loc":{"start":{"line":5,"column":28},"end":{"line":5,"column":30}},"line":5},"2":{"name":"(anonymous_2)","decl":{"start":{"line":5,"column":56},"end":{"line":5,"column":57}},"loc":{"start":{"line":5,"column":62},"end":{"line":5,"column":64}},"line":5},"3":{"name":"(anonymous_3)","decl":{"start":{"line":6,"column":29},"end":{"line":6,"column":30}},"loc":{"start":{"line":6,"column":35},"end":{"line":6,"column":37}},"line":6},"4":{"name":"fetchAndParseSchedule","decl":{"start":{"line":12,"column":15},"end":{"line":12,"column":36}},"loc":{"start":{"line":12,"column":39},"end":{"line":33,"column":1}},"line":12},"5":{"name":"(anonymous_5)","decl":{"start":{"line":36,"column":37},"end":{"line":36,"column":38}},"loc":{"start":{"line":36,"column":72},"end":{"line":43,"column":1}},"line":36},"6":{"name":"(anonymous_6)","decl":{"start":{"line":38,"column":33},"end":{"line":38,"column":34}},"loc":{"start":{"line":38,"column":46},"end":{"line":40,"column":5}},"line":38},"7":{"name":"(anonymous_7)","decl":{"start":{"line":47,"column":34},"end":{"line":47,"column":35}},"loc":{"start":{"line":47,"column":45},"end":{"line":55,"column":1}},"line":47},"8":{"name":"(anonymous_8)","decl":{"start":{"line":49,"column":33},"end":{"line":49,"column":34}},"loc":{"start":{"line":49,"column":46},"end":{"line":53,"column":5}},"line":49}},"branchMap":{"0":{"loc":{"start":{"line":2,"column":0},"end":{"line":8,"column":1}},"type":"if","locations":[{"start":{"line":2,"column":0},"end":{"line":8,"column":1}},{"start":{},"end":{}}],"line":2},"1":{"loc":{"start":{"line":20,"column":21},"end":{"line":20,"column":79}},"type":"binary-expr","locations":[{"start":{"line":20,"column":21},"end":{"line":20,"column":70}},{"start":{"line":20,"column":74},"end":{"line":20,"column":79}}],"line":20},"2":{"loc":{"start":{"line":21,"column":17},"end":{"line":21,"column":69}},"type":"binary-expr","locations":[{"start":{"line":21,"column":17},"end":{"line":21,"column":60}},{"start":{"line":21,"column":64},"end":{"line":21,"column":69}}],"line":21},"3":{"loc":{"start":{"line":22,"column":17},"end":{"line":22,"column":69}},"type":"binary-expr","locations":[{"start":{"line":22,"column":17},"end":{"line":22,"column":60}},{"start":{"line":22,"column":64},"end":{"line":22,"column":69}}],"line":22},"4":{"loc":{"start":{"line":23,"column":21},"end":{"line":23,"column":74}},"type":"binary-expr","locations":[{"start":{"line":23,"column":21},"end":{"line":23,"column":65}},{"start":{"line":23,"column":69},"end":{"line":23,"column":74}}],"line":23},"5":{"loc":{"start":{"line":37,"column":2},"end":{"line":42,"column":3}},"type":"if","locations":[{"start":{"line":37,"column":2},"end":{"line":42,"column":3}},{"start":{},"end":{}}],"line":37},"6":{"loc":{"start":{"line":48,"column":2},"end":{"line":54,"column":3}},"type":"if","locations":[{"start":{"line":48,"column":2},"end":{"line":54,"column":3}},{"start":{},"end":{}}],"line":48},"7":{"loc":{"start":{"line":50,"column":6},"end":{"line":52,"column":7}},"type":"if","locations":[{"start":{"line":50,"column":6},"end":{"line":52,"column":7}},{"start":{},"end":{}}],"line":50}},"s":{"0":1,"1":1,"2":1,"3":1,"4":1,"5":1,"6":1,"7":1,"8":1,"9":1,"10":1,"11":1,"12":1,"13":1,"14":1,"15":1,"16":0,"17":0,"18":1,"19":0,"20":0,"21":0,"22":0,"23":1,"24":1,"25":0,"26":0,"27":0,"28":0,"29":1},"f":{"0":1,"1":1,"2":1,"3":0,"4":1,"5":0,"6":0,"7":0,"8":0},"b":{"0":[1,0],"1":[1,0],"2":[1,0],"3":[1,0],"4":[1,0],"5":[0,0],"6":[0,0],"7":[0,0]},"_coverageSchema":"1a1c01bbd47fc00a2c39e90264f33305004495a9","hash":"2e5b2c0f1ff25f961c9951bbcd49d956292ee30b"}
}
