TN:
SF:background.js
FN:4,(anonymous_0)
FN:5,(anonymous_1)
FN:5,(anonymous_2)
FN:6,(anonymous_3)
FN:12,fetchAndParseSchedule
FN:36,(anonymous_5)
FN:38,(anonymous_6)
FN:47,(anonymous_7)
FN:49,(anonymous_8)
FNF:9
FNH:4
FNDA:1,(anonymous_0)
FNDA:1,(anonymous_1)
FNDA:1,(anonymous_2)
FNDA:0,(anonymous_3)
FNDA:1,fetchAndParseSchedule
FNDA:0,(anonymous_5)
FNDA:0,(anonymous_6)
FNDA:0,(anonymous_7)
FNDA:0,(anonymous_8)
DA:2,1
DA:3,1
DA:10,1
DA:13,1
DA:14,1
DA:15,1
DA:16,1
DA:17,1
DA:19,1
DA:20,1
DA:21,1
DA:22,1
DA:23,1
DA:24,1
DA:26,1
DA:28,1
DA:30,0
DA:31,0
DA:36,1
DA:37,0
DA:38,0
DA:39,0
DA:41,0
DA:46,1
DA:47,1
DA:48,0
DA:49,0
DA:50,0
DA:51,0
DA:57,1
LF:30
LH:20
BRDA:2,0,0,1
BRDA:2,0,1,0
BRDA:20,1,0,1
BRDA:20,1,1,0
BRDA:21,2,0,1
BRDA:21,2,1,0
BRDA:22,3,0,1
BRDA:22,3,1,0
BRDA:23,4,0,1
BRDA:23,4,1,0
BRDA:37,5,0,0
BRDA:37,5,1,0
BRDA:48,6,0,0
BRDA:48,6,1,0
BRDA:50,7,0,0
BRDA:50,7,1,0
BRF:16
BRH:5
end_of_record
